<?xml version="1.0" encoding="UTF-8"?>
<!-- Generated by org.testng.reporters.JUnitReportReporter -->
<testsuite hostname="DESKTOP-QVDFO1Q" failures="0" tests="1" name="test.ParametersTest" time="68.530" errors="0" timestamp="2022-12-03T12:11:18 MSK" skipped="0">
  <testcase classname="test.ParametersTest" name="SearchTest" time="68.530"/>
  <system-out/>
</testsuite> <!-- test.ParametersTest -->
