<?xml version="1.0" encoding="UTF-8"?>
<!-- Generated by org.testng.reporters.JUnitReportReporter -->
<testsuite hostname="DESKTOP-QVDFO1Q" failures="0" tests="1" name="test.CheckoutFinalPriceCompareTest" time="15.257" errors="0" timestamp="2022-12-02T13:24:07 MSK" skipped="0">
  <testcase classname="test.CheckoutFinalPriceCompareTest" name="CheckIfCheckoutPriceIsRight" time="15.257"/>
  <system-out/>
</testsuite> <!-- test.CheckoutFinalPriceCompareTest -->
